# JRE version: OpenJDK Runtime Environment (21.0.6) (build 21.0.6+-13391695-b895.109)
# Java VM: OpenJDK 64-Bit Server VM (21.0.6+-13391695-b895.109, mixed mode, tiered, compressed oops, compressed class ptrs, g1 gc, windows-amd64)
GC Precious Log:
 CardTable entry size: 512
 Card Set container configuration: InlinePtr #cards 4 size 8 Array Of Cards #cards 32 size 80 Howl #buckets 8 coarsen threshold 7372 Howl Bitmap #cards 1024 size 144 coarsen threshold 921 Card regions per heap region 1 cards per card region 8192
 CPUs: 12 total, 12 available
 Memory: 32617M
 Large Page Support: Disabled
 NUMA Support: Disabled
 Compressed Oops: Enabled (Zero based)
 Heap Region Size: 4M
 Heap Min Capacity: 8M
 Heap Initial Capacity: 512M
 Heap Max Capacity: 8156M
 Pre-touch: Disabled
 Parallel Workers: 10
 Concurrent Workers: 3
 Concurrent Refinement Workers: 10
 Periodic GC: Disabled
Heap:
 garbage-first heap   total 118784K, used 86762K [0x0000000602400000, 0x0000000800000000)
  region size 4096K, 15 young (61440K), 2 survivors (8192K)
 Metaspace       used 51254K, committed 51584K, reserved 1114112K
  class space    used 5802K, committed 5952K, reserved 1048576K
GC Heap History (15 events):
Event: 1.754 GC heap before
{Heap before GC invocations=0 (full 0):
 garbage-first heap   total 524288K, used 24576K [0x0000000602400000, 0x0000000800000000)
  region size 4096K, 6 young (24576K), 0 survivors (0K)
 Metaspace       used 14243K, committed 14400K, reserved 1114112K
  class space    used 1292K, committed 1344K, reserved 1048576K
}
Event: 2.099 GC heap after
{Heap after GC invocations=1 (full 0):
 garbage-first heap   total 524288K, used 7190K [0x0000000602400000, 0x0000000800000000)
  region size 4096K, 1 young (4096K), 1 survivors (4096K)
 Metaspace       used 14243K, committed 14400K, reserved 1114112K
  class space    used 1292K, committed 1344K, reserved 1048576K
}
Event: 2.922 GC heap before
{Heap before GC invocations=1 (full 0):
 garbage-first heap   total 524288K, used 27670K [0x0000000602400000, 0x0000000800000000)
  region size 4096K, 7 young (28672K), 1 survivors (4096K)
 Metaspace       used 21302K, committed 21504K, reserved 1114112K
  class space    used 2212K, committed 2304K, reserved 1048576K
}
Event: 2.928 GC heap after
{Heap after GC invocations=2 (full 0):
 garbage-first heap   total 524288K, used 8912K [0x0000000602400000, 0x0000000800000000)
  region size 4096K, 2 young (8192K), 2 survivors (8192K)
 Metaspace       used 21302K, committed 21504K, reserved 1114112K
  class space    used 2212K, committed 2304K, reserved 1048576K
}
Event: 4.175 GC heap before
{Heap before GC invocations=3 (full 0):
 garbage-first heap   total 40960K, used 37584K [0x0000000602400000, 0x0000000800000000)
  region size 4096K, 9 young (36864K), 2 survivors (8192K)
 Metaspace       used 26302K, committed 26560K, reserved 1114112K
  class space    used 2808K, committed 2944K, reserved 1048576K
}
Event: 4.188 GC heap after
{Heap after GC invocations=4 (full 0):
 garbage-first heap   total 53248K, used 15796K [0x0000000602400000, 0x0000000800000000)
  region size 4096K, 3 young (12288K), 3 survivors (12288K)
 Metaspace       used 26302K, committed 26560K, reserved 1114112K
  class space    used 2808K, committed 2944K, reserved 1048576K
}
Event: 4.507 GC heap before
{Heap before GC invocations=4 (full 0):
 garbage-first heap   total 53248K, used 32180K [0x0000000602400000, 0x0000000800000000)
  region size 4096K, 7 young (28672K), 3 survivors (12288K)
 Metaspace       used 26911K, committed 27200K, reserved 1114112K
  class space    used 2877K, committed 3008K, reserved 1048576K
}
Event: 4.524 GC heap after
{Heap after GC invocations=5 (full 0):
 garbage-first heap   total 53248K, used 21383K [0x0000000602400000, 0x0000000800000000)
  region size 4096K, 1 young (4096K), 1 survivors (4096K)
 Metaspace       used 26911K, committed 27200K, reserved 1114112K
  class space    used 2877K, committed 3008K, reserved 1048576K
}
Event: 5.005 GC heap before
{Heap before GC invocations=5 (full 0):
 garbage-first heap   total 53248K, used 33671K [0x0000000602400000, 0x0000000800000000)
  region size 4096K, 4 young (16384K), 1 survivors (4096K)
 Metaspace       used 29735K, committed 30016K, reserved 1114112K
  class space    used 3158K, committed 3264K, reserved 1048576K
}
Event: 5.012 GC heap after
{Heap after GC invocations=6 (full 0):
 garbage-first heap   total 53248K, used 22910K [0x0000000602400000, 0x0000000800000000)
  region size 4096K, 1 young (4096K), 1 survivors (4096K)
 Metaspace       used 29735K, committed 30016K, reserved 1114112K
  class space    used 3158K, committed 3264K, reserved 1048576K
}
Event: 5.529 GC heap before
{Heap before GC invocations=6 (full 0):
 garbage-first heap   total 53248K, used 35198K [0x0000000602400000, 0x0000000800000000)
  region size 4096K, 4 young (16384K), 1 survivors (4096K)
 Metaspace       used 33865K, committed 34112K, reserved 1114112K
  class space    used 4107K, committed 4224K, reserved 1048576K
}
Event: 5.536 GC heap after
{Heap after GC invocations=7 (full 0):
 garbage-first heap   total 290816K, used 23551K [0x0000000602400000, 0x0000000800000000)
  region size 4096K, 1 young (4096K), 1 survivors (4096K)
 Metaspace       used 33865K, committed 34112K, reserved 1114112K
  class space    used 4107K, committed 4224K, reserved 1048576K
}
Event: 8.066 GC heap before
{Heap before GC invocations=8 (full 0):
 garbage-first heap   total 98304K, used 89087K [0x0000000602400000, 0x0000000800000000)
  region size 4096K, 18 young (73728K), 1 survivors (4096K)
 Metaspace       used 46923K, committed 47232K, reserved 1114112K
  class space    used 5386K, committed 5568K, reserved 1048576K
}
Event: 8.097 GC heap after
{Heap after GC invocations=9 (full 0):
 garbage-first heap   total 110592K, used 33514K [0x0000000602400000, 0x0000000800000000)
  region size 4096K, 3 young (12288K), 3 survivors (12288K)
 Metaspace       used 46923K, committed 47232K, reserved 1114112K
  class space    used 5386K, committed 5568K, reserved 1048576K
}
Event: 9.596 GC heap before
{Heap before GC invocations=9 (full 0):
 garbage-first heap   total 110592K, used 86762K [0x0000000602400000, 0x0000000800000000)
  region size 4096K, 16 young (65536K), 3 survivors (12288K)
 Metaspace       used 51254K, committed 51584K, reserved 1114112K
  class space    used 5802K, committed 5952K, reserved 1048576K
}

