# JRE version: OpenJDK Runtime Environment (21.0.6) (build 21.0.6+-13391695-b895.109)
# Java VM: OpenJDK 64-Bit Server VM (21.0.6+-13391695-b895.109, mixed mode, tiered, compressed oops, compressed class ptrs, g1 gc, windows-amd64)
GC Precious Log:
 CardTable entry size: 512
 Card Set container configuration: InlinePtr #cards 4 size 8 Array Of Cards #cards 32 size 80 Howl #buckets 8 coarsen threshold 7372 Howl Bitmap #cards 1024 size 144 coarsen threshold 921 Card regions per heap region 1 cards per card region 8192
 CPUs: 12 total, 12 available
 Memory: 32617M
 Large Page Support: Disabled
 NUMA Support: Disabled
 Compressed Oops: Enabled (Zero based)
 Heap Region Size: 4M
 Heap Min Capacity: 8M
 Heap Initial Capacity: 512M
 Heap Max Capacity: 8G
 Pre-touch: Disabled
 Parallel Workers: 10
 Concurrent Workers: 3
 Concurrent Refinement Workers: 10
 Periodic GC: Disabled
Heap:
 garbage-first heap   total 942080K, used 822492K [0x0000000600000000, 0x0000000800000000)
  region size 4096K, 123 young (503808K), 16 survivors (65536K)
 Metaspace       used 153489K, committed 156160K, reserved 1245184K
  class space    used 20637K, committed 21952K, reserved 1048576K
GC Heap History (20 events):
Event: 21.813 GC heap after
{Heap after GC invocations=49 (full 0):
 garbage-first heap   total 339968K, used 238813K [0x0000000600000000, 0x0000000800000000)
  region size 4096K, 3 young (12288K), 3 survivors (12288K)
 Metaspace       used 126555K, committed 129088K, reserved 1179648K
  class space    used 17337K, committed 18624K, reserved 1048576K
}
Event: 22.374 GC heap before
{Heap before GC invocations=50 (full 0):
 garbage-first heap   total 405504K, used 300253K [0x0000000600000000, 0x0000000800000000)
  region size 4096K, 18 young (73728K), 3 survivors (12288K)
 Metaspace       used 126690K, committed 129216K, reserved 1179648K
  class space    used 17355K, committed 18624K, reserved 1048576K
}
Event: 22.382 GC heap after
{Heap after GC invocations=51 (full 0):
 garbage-first heap   total 405504K, used 245953K [0x0000000600000000, 0x0000000800000000)
  region size 4096K, 2 young (8192K), 2 survivors (8192K)
 Metaspace       used 126690K, committed 129216K, reserved 1179648K
  class space    used 17355K, committed 18624K, reserved 1048576K
}
Event: 23.025 GC heap before
{Heap before GC invocations=51 (full 0):
 garbage-first heap   total 405504K, used 356545K [0x0000000600000000, 0x0000000800000000)
  region size 4096K, 29 young (118784K), 2 survivors (8192K)
 Metaspace       used 126893K, committed 129472K, reserved 1179648K
  class space    used 17380K, committed 18688K, reserved 1048576K
}
Event: 23.041 GC heap after
{Heap after GC invocations=52 (full 0):
 garbage-first heap   total 512000K, used 260284K [0x0000000600000000, 0x0000000800000000)
  region size 4096K, 4 young (16384K), 4 survivors (16384K)
 Metaspace       used 126893K, committed 129472K, reserved 1179648K
  class space    used 17380K, committed 18688K, reserved 1048576K
}
Event: 24.299 GC heap before
{Heap before GC invocations=52 (full 0):
 garbage-first heap   total 512000K, used 424124K [0x0000000600000000, 0x0000000800000000)
  region size 4096K, 44 young (180224K), 4 survivors (16384K)
 Metaspace       used 134869K, committed 137472K, reserved 1179648K
  class space    used 18425K, committed 19712K, reserved 1048576K
}
Event: 24.324 GC heap after
{Heap after GC invocations=53 (full 0):
 garbage-first heap   total 512000K, used 285343K [0x0000000600000000, 0x0000000800000000)
  region size 4096K, 6 young (24576K), 6 survivors (24576K)
 Metaspace       used 134869K, committed 137472K, reserved 1179648K
  class space    used 18425K, committed 19712K, reserved 1048576K
}
Event: 25.539 GC heap before
{Heap before GC invocations=53 (full 0):
 garbage-first heap   total 512000K, used 436895K [0x0000000600000000, 0x0000000800000000)
  region size 4096K, 44 young (180224K), 6 survivors (24576K)
 Metaspace       used 139456K, committed 142080K, reserved 1179648K
  class space    used 18767K, committed 20096K, reserved 1048576K
}
Event: 25.566 GC heap after
{Heap after GC invocations=54 (full 0):
 garbage-first heap   total 512000K, used 306163K [0x0000000600000000, 0x0000000800000000)
  region size 4096K, 6 young (24576K), 6 survivors (24576K)
 Metaspace       used 139456K, committed 142080K, reserved 1179648K
  class space    used 18767K, committed 20096K, reserved 1048576K
}
Event: 26.232 GC heap before
{Heap before GC invocations=54 (full 0):
 garbage-first heap   total 512000K, used 445427K [0x0000000600000000, 0x0000000800000000)
  region size 4096K, 41 young (167936K), 6 survivors (24576K)
 Metaspace       used 140500K, committed 143168K, reserved 1179648K
  class space    used 18823K, committed 20160K, reserved 1048576K
}
Event: 26.259 GC heap after
{Heap after GC invocations=55 (full 0):
 garbage-first heap   total 512000K, used 328947K [0x0000000600000000, 0x0000000800000000)
  region size 4096K, 6 young (24576K), 6 survivors (24576K)
 Metaspace       used 140500K, committed 143168K, reserved 1179648K
  class space    used 18823K, committed 20160K, reserved 1048576K
}
Event: 26.916 GC heap before
{Heap before GC invocations=56 (full 0):
 garbage-first heap   total 552960K, used 447731K [0x0000000600000000, 0x0000000800000000)
  region size 4096K, 36 young (147456K), 6 survivors (24576K)
 Metaspace       used 140837K, committed 143488K, reserved 1179648K
  class space    used 18859K, committed 20224K, reserved 1048576K
}
Event: 26.930 GC heap after
{Heap after GC invocations=57 (full 0):
 garbage-first heap   total 552960K, used 335453K [0x0000000600000000, 0x0000000800000000)
  region size 4096K, 3 young (12288K), 3 survivors (12288K)
 Metaspace       used 140837K, committed 143488K, reserved 1179648K
  class space    used 18859K, committed 20224K, reserved 1048576K
}
Event: 27.884 GC heap before
{Heap before GC invocations=57 (full 0):
 garbage-first heap   total 552960K, used 495197K [0x0000000600000000, 0x0000000800000000)
  region size 4096K, 42 young (172032K), 3 survivors (12288K)
 Metaspace       used 141070K, committed 143680K, reserved 1179648K
  class space    used 18912K, committed 20224K, reserved 1048576K
}
Event: 27.901 GC heap after
{Heap after GC invocations=58 (full 0):
 garbage-first heap   total 937984K, used 332157K [0x0000000600000000, 0x0000000800000000)
  region size 4096K, 4 young (16384K), 4 survivors (16384K)
 Metaspace       used 141070K, committed 143680K, reserved 1179648K
  class space    used 18912K, committed 20224K, reserved 1048576K
}
Event: 29.292 GC heap before
{Heap before GC invocations=58 (full 0):
 garbage-first heap   total 937984K, used 762237K [0x0000000600000000, 0x0000000800000000)
  region size 4096K, 110 young (450560K), 4 survivors (16384K)
 Metaspace       used 142106K, committed 144768K, reserved 1179648K
  class space    used 19046K, committed 20352K, reserved 1048576K
}
Event: 29.311 GC heap after
{Heap after GC invocations=59 (full 0):
 garbage-first heap   total 937984K, used 348934K [0x0000000600000000, 0x0000000800000000)
  region size 4096K, 8 young (32768K), 8 survivors (32768K)
 Metaspace       used 142106K, committed 144768K, reserved 1179648K
  class space    used 19046K, committed 20352K, reserved 1048576K
}
Event: 30.865 GC heap before
{Heap before GC invocations=59 (full 0):
 garbage-first heap   total 937984K, used 836358K [0x0000000600000000, 0x0000000800000000)
  region size 4096K, 128 young (524288K), 8 survivors (32768K)
 Metaspace       used 145106K, committed 147776K, reserved 1179648K
  class space    used 19426K, committed 20736K, reserved 1048576K
}
Event: 30.897 GC heap after
{Heap after GC invocations=60 (full 0):
 garbage-first heap   total 937984K, used 384220K [0x0000000600000000, 0x0000000800000000)
  region size 4096K, 16 young (65536K), 16 survivors (65536K)
 Metaspace       used 145106K, committed 147776K, reserved 1179648K
  class space    used 19426K, committed 20736K, reserved 1048576K
}
Event: 32.302 GC heap before
{Heap before GC invocations=60 (full 0):
 garbage-first heap   total 937984K, used 818396K [0x0000000600000000, 0x0000000800000000)
  region size 4096K, 123 young (503808K), 16 survivors (65536K)
 Metaspace       used 153489K, committed 156160K, reserved 1245184K
  class space    used 20637K, committed 21952K, reserved 1048576K
}

